Using pre-set license
Built from '2020.3/release' branch; Version is '2020.3.7f1 (dd97f2c94397) revision 14522354'; Using compiler version '192528614'; Build Type 'Release'
OS: 'Windows 10 Home Single Language; OS build 19043.1110; Version 2009; 64bit' Language: 'tr' Physical Memory: 16267 MB
BatchMode: 1, IsHumanControllingUs: 0, StartBugReporterOnCrash: 0, Is64bit: 1, IsPro: 0

 COMMAND LINE ARGUMENTS:
C:\Users\asus\Desktop\Unity\2020.3.7f1\Editor\Unity.exe
-adb2
-batchMode
-noUpm
-name
AssetImportWorker0
-projectPath
C:/Users/asus/OneDrive/Belgeler/GitHub/Kodluyoruz-Test1
-logFile
Logs/AssetImportWorker0.log
-srvPort
63254
Successfully changed project path to: C:/Users/asus/OneDrive/Belgeler/GitHub/Kodluyoruz-Test1
C:/Users/asus/OneDrive/Belgeler/GitHub/Kodluyoruz-Test1
Using Asset Import Pipeline V2.
Refreshing native plugins compatible for Editor in 31.36 ms, found 2 plugins.
Preloading 0 native plugins for Editor in 0.00 ms.
Initialize engine version: 2020.3.7f1 (dd97f2c94397)
[Subsystems] Discovering subsystems at path C:/Users/asus/Desktop/Unity/2020.3.7f1/Editor/Data/Resources/UnitySubsystems
[Subsystems] Discovering subsystems at path C:/Users/asus/OneDrive/Belgeler/GitHub/Kodluyoruz-Test1/Assets
GfxDevice: creating device client; threaded=0
Direct3D:
    Version:  Direct3D 11.0 [level 11.0]
    Renderer: NVIDIA GeForce GTX 850M (ID=0x1391)
    Vendor:   
    VRAM:     4055 MB
Initialize mono
Mono path[0] = 'C:/Users/asus/Desktop/Unity/2020.3.7f1/Editor/Data/Managed'
Mono path[1] = 'C:/Users/asus/Desktop/Unity/2020.3.7f1/Editor/Data/MonoBleedingEdge/lib/mono/unityjit'
Mono config path = 'C:/Users/asus/Desktop/Unity/2020.3.7f1/Editor/Data/MonoBleedingEdge/etc'
Using monoOptions --debugger-agent=transport=dt_socket,embedding=1,server=y,suspend=n,address=127.0.0.1:56720
Begin MonoManager ReloadAssembly
Registering precompiled unity dll's ...
Register platform support module: C:/Users/asus/Desktop/Unity/2020.3.7f1/Editor/Data/PlaybackEngines/WindowsStandaloneSupport/UnityEditor.WindowsStandalone.Extensions.dll
Registered in 0.002298 seconds.
Native extension for WindowsStandalone target not found
Refreshing native plugins compatible for Editor in 31.86 ms, found 2 plugins.
Preloading 0 native plugins for Editor in 0.00 ms.
Mono: successfully reloaded assembly
- Completed reload, in  2.100 seconds
Platform modules already initialized, skipping
Registering precompiled user dll's ...
Registered in 0.004593 seconds.
Begin MonoManager ReloadAssembly
Native extension for WindowsStandalone target not found
Refreshing native plugins compatible for Editor in 0.38 ms, found 2 plugins.
Preloading 0 native plugins for Editor in 0.00 ms.
Mono: successfully reloaded assembly
- Completed reload, in  1.314 seconds
Platform modules already initialized, skipping
========================================================================
Worker process is ready to serve import requests
Launched and connected shader compiler UnityShaderCompiler.exe after 0.06 seconds
Refreshing native plugins compatible for Editor in 0.37 ms, found 2 plugins.
Preloading 0 native plugins for Editor in 0.00 ms.
Unloading 1399 Unused Serialized files (Serialized files now loaded: 0)
System memory in use before: 64.8 MB.
System memory in use after: 64.9 MB.

Unloading 18 unused Assets to reduce memory usage. Loaded Objects now: 1832.
Total: 2.445700 ms (FindLiveObjects: 0.163900 ms CreateObjectMapping: 0.057900 ms MarkObjects: 2.145400 ms  DeleteObjects: 0.077400 ms)

========================================================================
Received Import Request.
  path: Assets/[Game]/Scripts
  artifactKey: Guid(4ee610685583e3e4a94f5bc79fabd44d) Importer(815301076,1909f56bfc062723c751e8b465ee728b)
Start importing Assets/[Game]/Scripts using Guid(4ee610685583e3e4a94f5bc79fabd44d) Importer(815301076,1909f56bfc062723c751e8b465ee728b)  -> (artifact id: '0ab62bdaa824dc68d515b79323903662') in 0.011589 seconds
  Import took 0.014625 seconds .

========================================================================
Received Import Request.
  Time since last request: 0.000276 seconds.
  path: Assets/[Game]
  artifactKey: Guid(251a16f8274f5554086b901eebb929ca) Importer(815301076,1909f56bfc062723c751e8b465ee728b)
Start importing Assets/[Game] using Guid(251a16f8274f5554086b901eebb929ca) Importer(815301076,1909f56bfc062723c751e8b465ee728b)  -> (artifact id: '8a40b88aa6211fd8abf6b7feb89c3f1b') in 0.006824 seconds
  Import took 0.009411 seconds .

========================================================================
Received Import Request.
  Time since last request: 0.000220 seconds.
  path: Assets/[Game]/Scripts/Player.cs
  artifactKey: Guid(7bad2afd347c5e746a72bd00afea4169) Importer(815301076,1909f56bfc062723c751e8b465ee728b)
Start importing Assets/[Game]/Scripts/Player.cs using Guid(7bad2afd347c5e746a72bd00afea4169) Importer(815301076,1909f56bfc062723c751e8b465ee728b)  -> (artifact id: '86e809670a5c72bb2362a8152fddfb31') in 0.044646 seconds
  Import took 0.047119 seconds .

========================================================================
Received Import Request.
  Time since last request: 3317.498030 seconds.
  path: Assets/[Game]/Scripts/Coin.cs
  artifactKey: Guid(00cde1c033f10854680c99cec72b8644) Importer(815301076,1909f56bfc062723c751e8b465ee728b)
Start importing Assets/[Game]/Scripts/Coin.cs using Guid(00cde1c033f10854680c99cec72b8644) Importer(815301076,1909f56bfc062723c751e8b465ee728b)  -> (artifact id: '7ceee76e454bd5d6073ba5e89736e636') in 0.011477 seconds
  Import took 0.021911 seconds .

========================================================================
Received Prepare
Registering precompiled user dll's ...
Registered in 0.004609 seconds.
Begin MonoManager ReloadAssembly
Native extension for WindowsStandalone target not found
Refreshing native plugins compatible for Editor in 0.38 ms, found 2 plugins.
Preloading 0 native plugins for Editor in 0.00 ms.
Mono: successfully reloaded assembly
- Completed reload, in  1.317 seconds
Platform modules already initialized, skipping
Refreshing native plugins compatible for Editor in 0.38 ms, found 2 plugins.
Preloading 0 native plugins for Editor in 0.00 ms.
Unloading 1394 Unused Serialized files (Serialized files now loaded: 0)
System memory in use before: 64.7 MB.
System memory in use after: 64.8 MB.

Unloading 13 unused Assets to reduce memory usage. Loaded Objects now: 1835.
Total: 2.803100 ms (FindLiveObjects: 0.213000 ms CreateObjectMapping: 0.071700 ms MarkObjects: 2.492200 ms  DeleteObjects: 0.025100 ms)

========================================================================
Received Import Request.
  Time since last request: 1300.438162 seconds.
  path: Assets/[Game]/Scenes/SampleScene.unity
  artifactKey: Guid(9fc0d4010bbf28b4594072e72b8655ab) Importer(815301076,1909f56bfc062723c751e8b465ee728b)
Start importing Assets/[Game]/Scenes/SampleScene.unity using Guid(9fc0d4010bbf28b4594072e72b8655ab) Importer(815301076,1909f56bfc062723c751e8b465ee728b)  -> (artifact id: 'f1a2fd48ecb870d5a629b5176b64ab7c') in 0.042520 seconds
  Import took 0.048321 seconds .

========================================================================
Received Import Request.
  Time since last request: 5.695779 seconds.
  path: Assets/[Game]/Scenes
  artifactKey: Guid(e5af30d60333dae42a6b3049340b9493) Importer(815301076,1909f56bfc062723c751e8b465ee728b)
Start importing Assets/[Game]/Scenes using Guid(e5af30d60333dae42a6b3049340b9493) Importer(815301076,1909f56bfc062723c751e8b465ee728b)  -> (artifact id: 'e4b0fba04b57f91e5da46f2b923d9886') in 0.019744 seconds
  Import took 0.022556 seconds .

========================================================================
Received Import Request.
  Time since last request: 28.127620 seconds.
  path: Assets/[Game]/Materials
  artifactKey: Guid(d421b5515b47a6044908732eb04448a2) Importer(815301076,1909f56bfc062723c751e8b465ee728b)
Start importing Assets/[Game]/Materials using Guid(d421b5515b47a6044908732eb04448a2) Importer(815301076,1909f56bfc062723c751e8b465ee728b)  -> (artifact id: 'ee834d5406e4bb1a91dcaf45b61b55fd') in 0.011759 seconds
  Import took 0.017095 seconds .

========================================================================
Received Import Request.
  Time since last request: 0.072965 seconds.
  path: Assets/[Game]/Materials/GroundMat.mat
  artifactKey: Guid(d90a387a371ccfb498cd9b4043030320) Importer(815301076,1909f56bfc062723c751e8b465ee728b)
Start importing Assets/[Game]/Materials/GroundMat.mat using Guid(d90a387a371ccfb498cd9b4043030320) Importer(815301076,1909f56bfc062723c751e8b465ee728b)  -> (artifact id: '352521d8aa55a4bc425bb62185262d52') in 0.581674 seconds
  Import took 0.587074 seconds .

========================================================================
Received Prepare
Registering precompiled user dll's ...
Registered in 0.012867 seconds.
Begin MonoManager ReloadAssembly
Native extension for WindowsStandalone target not found
Refreshing native plugins compatible for Editor in 0.95 ms, found 2 plugins.
Preloading 0 native plugins for Editor in 0.00 ms.
Mono: successfully reloaded assembly
- Completed reload, in  1.681 seconds
Platform modules already initialized, skipping
Refreshing native plugins compatible for Editor in 0.96 ms, found 2 plugins.
Preloading 0 native plugins for Editor in 0.00 ms.
Unloading 1394 Unused Serialized files (Serialized files now loaded: 0)
System memory in use before: 68.0 MB.
System memory in use after: 68.2 MB.

Unloading 13 unused Assets to reduce memory usage. Loaded Objects now: 1877.
Total: 5.182200 ms (FindLiveObjects: 0.538300 ms CreateObjectMapping: 0.287200 ms MarkObjects: 4.325800 ms  DeleteObjects: 0.027200 ms)

AssetImportWorkerClient::OnTransportError - code=2 error=End of file
